<?xml version="1.0" encoding="UTF-8"?>
<!-- Generated by org.testng.reporters.JUnitXMLReporter -->
<testsuite hostname="LAPTOP-73VFUBCG" ignored="0" name="TC03" tests="3" failures="0" timestamp="2022-01-01T00:17:35 IST" time="38.434" errors="0">
  <testcase name="TC01VerifyHomePage" time="29.42" classname="regressionsuite.TC01VerifyHomePageTest"/>
  <testcase name="TC02VerifyUsersPage" time="39.644" classname="regressionsuite.TC02VerifyUsersPageTest"/>
  <testcase name="TC03VerifyTasksPage" time="38.176" classname="regressionsuite.TC03VerifyTasksPageTest"/>
</testsuite> <!-- TC03 -->
