<?xml version="1.0" encoding="UTF-8"?>
<testng-results skipped="0" failed="1" ignored="0" total="5" passed="4">
  <reporter-output>
  </reporter-output>
  <suite name="Suite" duration-ms="166754" started-at="2022-01-01T00:10:18 IST" finished-at="2022-01-01T00:13:05 IST">
    <groups>
    </groups>
    <test name="TC01" duration-ms="30828" started-at="2022-01-01T00:10:18 IST" finished-at="2022-01-01T00:10:49 IST">
      <class name="regressionsuite.TC01VerifyHomePageTest">
        <test-method status="PASS" signature="Init(org.testng.ITestResult)[pri:0, instance:regressionsuite.TC01VerifyHomePageTest@26a7b76d]" name="Init" is-config="true" duration-ms="330" started-at="2022-01-01T00:10:18 IST" finished-at="2022-01-01T00:10:18 IST">
          <params>
            <param index="0">
              <value>
                <![CDATA[[TestResult name={null} status=CREATED method=TC01VerifyHomePageTest.TC01VerifyHomePage()[pri:0, instance:regressionsuite.TC01VerifyHomePageTest@26a7b76d] output={null}]]]>
              </value>
            </param>
          </params>
          <reporter-output>
          </reporter-output>
        </test-method> <!-- Init -->
        <test-method status="PASS" signature="TC01VerifyHomePage()[pri:0, instance:regressionsuite.TC01VerifyHomePageTest@26a7b76d]" name="TC01VerifyHomePage" duration-ms="29196" started-at="2022-01-01T00:10:18 IST" finished-at="2022-01-01T00:10:47 IST">
          <reporter-output>
          </reporter-output>
        </test-method> <!-- TC01VerifyHomePage -->
        <test-method status="PASS" signature="Quit()[pri:0, instance:regressionsuite.TC01VerifyHomePageTest@26a7b76d]" name="Quit" is-config="true" duration-ms="1223" started-at="2022-01-01T00:10:47 IST" finished-at="2022-01-01T00:10:49 IST">
          <reporter-output>
          </reporter-output>
        </test-method> <!-- Quit -->
      </class> <!-- regressionsuite.TC01VerifyHomePageTest -->
    </test> <!-- TC01 -->
    <test name="TC02" duration-ms="38909" started-at="2022-01-01T00:10:18 IST" finished-at="2022-01-01T00:10:57 IST">
      <class name="regressionsuite.TC02VerifyUsersPageTest">
        <test-method status="PASS" signature="Init(org.testng.ITestResult)[pri:0, instance:regressionsuite.TC02VerifyUsersPageTest@612679d6]" name="Init" is-config="true" duration-ms="300" started-at="2022-01-01T00:10:18 IST" finished-at="2022-01-01T00:10:18 IST">
          <params>
            <param index="0">
              <value>
                <![CDATA[[TestResult name={null} status=CREATED method=TC02VerifyUsersPageTest.TC02VerifyUsersPage()[pri:0, instance:regressionsuite.TC02VerifyUsersPageTest@612679d6] output={null}]]]>
              </value>
            </param>
          </params>
          <reporter-output>
          </reporter-output>
        </test-method> <!-- Init -->
        <test-method status="PASS" signature="TC02VerifyUsersPage()[pri:0, instance:regressionsuite.TC02VerifyUsersPageTest@612679d6]" name="TC02VerifyUsersPage" duration-ms="38232" started-at="2022-01-01T00:10:18 IST" finished-at="2022-01-01T00:10:56 IST">
          <reporter-output>
          </reporter-output>
        </test-method> <!-- TC02VerifyUsersPage -->
        <test-method status="PASS" signature="Quit()[pri:0, instance:regressionsuite.TC02VerifyUsersPageTest@612679d6]" name="Quit" is-config="true" duration-ms="309" started-at="2022-01-01T00:10:56 IST" finished-at="2022-01-01T00:10:57 IST">
          <reporter-output>
          </reporter-output>
        </test-method> <!-- Quit -->
      </class> <!-- regressionsuite.TC02VerifyUsersPageTest -->
    </test> <!-- TC02 -->
    <test name="TC03" duration-ms="34799" started-at="2022-01-01T00:10:49 IST" finished-at="2022-01-01T00:11:24 IST">
      <class name="regressionsuite.TC03VerifyTasksPageTest">
        <test-method status="PASS" signature="Init(org.testng.ITestResult)[pri:0, instance:regressionsuite.TC03VerifyTasksPageTest@69b0fd6f]" name="Init" is-config="true" duration-ms="1" started-at="2022-01-01T00:10:49 IST" finished-at="2022-01-01T00:10:49 IST">
          <params>
            <param index="0">
              <value>
                <![CDATA[[TestResult name={null} status=CREATED method=TC03VerifyTasksPageTest.TC03VerifyTasksPage()[pri:0, instance:regressionsuite.TC03VerifyTasksPageTest@69b0fd6f] output={null}]]]>
              </value>
            </param>
          </params>
          <reporter-output>
          </reporter-output>
        </test-method> <!-- Init -->
        <test-method status="PASS" signature="TC03VerifyTasksPage()[pri:0, instance:regressionsuite.TC03VerifyTasksPageTest@69b0fd6f]" name="TC03VerifyTasksPage" duration-ms="34697" started-at="2022-01-01T00:10:49 IST" finished-at="2022-01-01T00:11:24 IST">
          <reporter-output>
          </reporter-output>
        </test-method> <!-- TC03VerifyTasksPage -->
        <test-method status="PASS" signature="Quit()[pri:0, instance:regressionsuite.TC03VerifyTasksPageTest@69b0fd6f]" name="Quit" is-config="true" duration-ms="88" started-at="2022-01-01T00:11:24 IST" finished-at="2022-01-01T00:11:24 IST">
          <reporter-output>
          </reporter-output>
        </test-method> <!-- Quit -->
      </class> <!-- regressionsuite.TC03VerifyTasksPageTest -->
    </test> <!-- TC03 -->
    <test name="TC04" duration-ms="52615" started-at="2022-01-01T00:10:57 IST" finished-at="2022-01-01T00:11:49 IST">
      <class name="regressionsuite.TC04CreateNewUserTest">
        <test-method status="PASS" signature="Init(org.testng.ITestResult)[pri:0, instance:regressionsuite.TC04CreateNewUserTest@6950e31]" name="Init" is-config="true" duration-ms="0" started-at="2022-01-01T00:10:57 IST" finished-at="2022-01-01T00:10:57 IST">
          <params>
            <param index="0">
              <value>
                <![CDATA[[TestResult name={null} status=CREATED method=TC04CreateNewUserTest.TC04CreateNewUser()[pri:0, instance:regressionsuite.TC04CreateNewUserTest@6950e31] output={null}]]]>
              </value>
            </param>
          </params>
          <reporter-output>
          </reporter-output>
        </test-method> <!-- Init -->
        <test-method status="PASS" signature="TC04CreateNewUser()[pri:0, instance:regressionsuite.TC04CreateNewUserTest@6950e31]" name="TC04CreateNewUser" duration-ms="52438" started-at="2022-01-01T00:10:57 IST" finished-at="2022-01-01T00:11:49 IST">
          <reporter-output>
          </reporter-output>
        </test-method> <!-- TC04CreateNewUser -->
        <test-method status="PASS" signature="Quit()[pri:0, instance:regressionsuite.TC04CreateNewUserTest@6950e31]" name="Quit" is-config="true" duration-ms="128" started-at="2022-01-01T00:11:49 IST" finished-at="2022-01-01T00:11:49 IST">
          <reporter-output>
          </reporter-output>
        </test-method> <!-- Quit -->
      </class> <!-- regressionsuite.TC04CreateNewUserTest -->
    </test> <!-- TC04 -->
    <test name="TC05" duration-ms="100980" started-at="2022-01-01T00:11:24 IST" finished-at="2022-01-01T00:13:05 IST">
      <class name="regressionsuite.TC05CreateNewTaskTest">
        <test-method status="PASS" signature="Init(org.testng.ITestResult)[pri:0, instance:regressionsuite.TC05CreateNewTaskTest@43bd930a]" name="Init" is-config="true" duration-ms="2" started-at="2022-01-01T00:11:24 IST" finished-at="2022-01-01T00:11:24 IST">
          <params>
            <param index="0">
              <value>
                <![CDATA[[TestResult name={null} status=CREATED method=TC05CreateNewTaskTest.TC05CreateNewTask()[pri:0, instance:regressionsuite.TC05CreateNewTaskTest@43bd930a] output={null}]]]>
              </value>
            </param>
          </params>
          <reporter-output>
          </reporter-output>
        </test-method> <!-- Init -->
        <test-method status="FAIL" signature="TC05CreateNewTask()[pri:0, instance:regressionsuite.TC05CreateNewTaskTest@43bd930a]" name="TC05CreateNewTask" duration-ms="98704" started-at="2022-01-01T00:11:24 IST" finished-at="2022-01-01T00:13:02 IST">
          <exception class="org.openqa.selenium.NoSuchElementException">
            <message>
              <![CDATA[no such element: Unable to locate element: {"method":"xpath","selector":"//button[contains(text(), 'Select Customer')]"}
  (Session info: chrome=96.0.4664.110)
For documentation on this error, please visit: https://selenium.dev/exceptions/#no_such_element
Build info: version: '4.0.0', revision: '3a21814679'
System info: host: 'LAPTOP-73VFUBCG', ip: '192.168.1.9', os.name: 'Windows 10', os.arch: 'amd64', os.version: '10.0', java.version: '1.8.0_121'
Driver info: org.openqa.selenium.chrome.ChromeDriver
Command: [f2b8fea7331087232af64d117066da4a, findElement {using=xpath, value=//button[contains(text(), 'Select Customer')]}]
Capabilities {acceptInsecureCerts: false, browserName: chrome, browserVersion: 96.0.4664.110, chrome: {chromedriverVersion: 96.0.4664.45 (76e4c1bb2ab46..., userDataDir: C:\Users\SRIRAM~1\AppData\L...}, goog:chromeOptions: {debuggerAddress: localhost:60092}, javascriptEnabled: true, networkConnectionEnabled: false, pageLoadStrategy: normal, platform: WINDOWS, platformName: WINDOWS, proxy: Proxy(), se:cdp: ws://localhost:60092/devtoo..., se:cdpVersion: 96.0.4664.110, setWindowRect: true, strictFileInteractability: false, timeouts: {implicit: 0, pageLoad: 300000, script: 30000}, unhandledPromptBehavior: dismiss and notify, webauthn:extension:credBlob: true, webauthn:extension:largeBlob: true, webauthn:virtualAuthenticators: true}
Session ID: f2b8fea7331087232af64d117066da4a]]>
            </message>
            <full-stacktrace>
              <![CDATA[org.openqa.selenium.NoSuchElementException: no such element: Unable to locate element: {"method":"xpath","selector":"//button[contains(text(), 'Select Customer')]"}
  (Session info: chrome=96.0.4664.110)
For documentation on this error, please visit: https://selenium.dev/exceptions/#no_such_element
Build info: version: '4.0.0', revision: '3a21814679'
System info: host: 'LAPTOP-73VFUBCG', ip: '192.168.1.9', os.name: 'Windows 10', os.arch: 'amd64', os.version: '10.0', java.version: '1.8.0_121'
Driver info: org.openqa.selenium.chrome.ChromeDriver
Command: [f2b8fea7331087232af64d117066da4a, findElement {using=xpath, value=//button[contains(text(), 'Select Customer')]}]
Capabilities {acceptInsecureCerts: false, browserName: chrome, browserVersion: 96.0.4664.110, chrome: {chromedriverVersion: 96.0.4664.45 (76e4c1bb2ab46..., userDataDir: C:\Users\SRIRAM~1\AppData\L...}, goog:chromeOptions: {debuggerAddress: localhost:60092}, javascriptEnabled: true, networkConnectionEnabled: false, pageLoadStrategy: normal, platform: WINDOWS, platformName: WINDOWS, proxy: Proxy(), se:cdp: ws://localhost:60092/devtoo..., se:cdpVersion: 96.0.4664.110, setWindowRect: true, strictFileInteractability: false, timeouts: {implicit: 0, pageLoad: 300000, script: 30000}, unhandledPromptBehavior: dismiss and notify, webauthn:extension:credBlob: true, webauthn:extension:largeBlob: true, webauthn:virtualAuthenticators: true}
Session ID: f2b8fea7331087232af64d117066da4a
at sun.reflect.NativeConstructorAccessorImpl.newInstance0(Native Method)
at sun.reflect.NativeConstructorAccessorImpl.newInstance(Unknown Source)
at sun.reflect.DelegatingConstructorAccessorImpl.newInstance(Unknown Source)
at java.lang.reflect.Constructor.newInstance(Unknown Source)
at org.openqa.selenium.remote.codec.w3c.W3CHttpResponseCodec.createException(W3CHttpResponseCodec.java:200)
at org.openqa.selenium.remote.codec.w3c.W3CHttpResponseCodec.decode(W3CHttpResponseCodec.java:133)
at org.openqa.selenium.remote.codec.w3c.W3CHttpResponseCodec.decode(W3CHttpResponseCodec.java:53)
at org.openqa.selenium.remote.HttpCommandExecutor.execute(HttpCommandExecutor.java:184)
at org.openqa.selenium.remote.service.DriverCommandExecutor.invokeExecute(DriverCommandExecutor.java:164)
at org.openqa.selenium.remote.service.DriverCommandExecutor.execute(DriverCommandExecutor.java:139)
at org.openqa.selenium.remote.RemoteWebDriver.execute(RemoteWebDriver.java:559)
at org.openqa.selenium.remote.ElementLocation$ElementFinder$2.findElement(ElementLocation.java:162)
at org.openqa.selenium.remote.ElementLocation.findElement(ElementLocation.java:60)
at org.openqa.selenium.remote.RemoteWebDriver.findElement(RemoteWebDriver.java:383)
at org.openqa.selenium.remote.RemoteWebDriver.findElement(RemoteWebDriver.java:375)
at org.openqa.selenium.support.pagefactory.DefaultElementLocator.findElement(DefaultElementLocator.java:70)
at org.openqa.selenium.support.pagefactory.internal.LocatingElementHandler.invoke(LocatingElementHandler.java:39)
at com.sun.proxy.$Proxy18.click(Unknown Source)
at pageobjects.TasksPage.AddNewTask(TasksPage.java:54)
at regressionsuite.TC05CreateNewTaskTest.TC05CreateNewTask(TC05CreateNewTaskTest.java:39)
at sun.reflect.NativeMethodAccessorImpl.invoke0(Native Method)
at sun.reflect.NativeMethodAccessorImpl.invoke(Unknown Source)
at sun.reflect.DelegatingMethodAccessorImpl.invoke(Unknown Source)
at java.lang.reflect.Method.invoke(Unknown Source)
at org.testng.internal.MethodInvocationHelper.invokeMethod(MethodInvocationHelper.java:132)
at org.testng.internal.TestInvoker.invokeMethod(TestInvoker.java:599)
at org.testng.internal.TestInvoker.invokeTestMethod(TestInvoker.java:174)
at org.testng.internal.MethodRunner.runInSequence(MethodRunner.java:46)
at org.testng.internal.TestInvoker$MethodInvocationAgent.invoke(TestInvoker.java:822)
at org.testng.internal.TestInvoker.invokeTestMethods(TestInvoker.java:147)
at org.testng.internal.TestMethodWorker.invokeTestMethods(TestMethodWorker.java:146)
at org.testng.internal.TestMethodWorker.run(TestMethodWorker.java:128)
at java.util.ArrayList.forEach(Unknown Source)
at org.testng.TestRunner.privateRun(TestRunner.java:764)
at org.testng.TestRunner.run(TestRunner.java:585)
at org.testng.SuiteRunner.runTest(SuiteRunner.java:384)
at org.testng.SuiteRunner.access$000(SuiteRunner.java:28)
at org.testng.SuiteRunner$SuiteWorker.run(SuiteRunner.java:425)
at org.testng.internal.thread.ThreadUtil.lambda$execute$0(ThreadUtil.java:66)
at java.util.concurrent.FutureTask.run(Unknown Source)
at java.util.concurrent.ThreadPoolExecutor.runWorker(Unknown Source)
at java.util.concurrent.ThreadPoolExecutor$Worker.run(Unknown Source)
at java.lang.Thread.run(Unknown Source)
]]>
            </full-stacktrace>
          </exception> <!-- org.openqa.selenium.NoSuchElementException -->
          <reporter-output>
          </reporter-output>
        </test-method> <!-- TC05CreateNewTask -->
        <test-method status="PASS" signature="Quit()[pri:0, instance:regressionsuite.TC05CreateNewTaskTest@43bd930a]" name="Quit" is-config="true" duration-ms="42" started-at="2022-01-01T00:13:05 IST" finished-at="2022-01-01T00:13:05 IST">
          <reporter-output>
          </reporter-output>
        </test-method> <!-- Quit -->
      </class> <!-- regressionsuite.TC05CreateNewTaskTest -->
    </test> <!-- TC05 -->
  </suite> <!-- Suite -->
</testng-results>
